<?xml version="1.0" encoding="UTF-8"?>
<!-- Generated by org.testng.reporters.JUnitXMLReporter -->
<testsuite hostname="WM-C02RT3R8G8WP" name="Command line test" tests="10" failures="0" timestamp="16 Apr 2019 12:22:18 GMT" time="0.064" errors="0">
  <testcase name="createFtpClientTest" time="0.041" classname="com.agoda.downloader.client.factory.ClientFactoryTest"/>
  <testcase name="createHTttpClientTest" time="0.001" classname="com.agoda.downloader.client.factory.ClientFactoryTest"/>
  <testcase name="createSftpClientTest" time="0.002" classname="com.agoda.downloader.client.factory.ClientFactoryTest"/>
  <testcase name="getCompleteFilePathFromUrlTest" time="0.001" classname="com.agoda.downloader.support.CommonUtilsTest"/>
  <testcase name="getCompleteFilePathFromUrlTest2" time="0.0" classname="com.agoda.downloader.support.CommonUtilsTest"/>
  <testcase name="getFileNameFromUrlTest" time="0.0" classname="com.agoda.downloader.support.CommonUtilsTest"/>
  <testcase name="getFileNameFromUrlTest2" time="0.0" classname="com.agoda.downloader.support.CommonUtilsTest"/>
  <testcase name="getHostFromUrlTest" time="0.0" classname="com.agoda.downloader.support.CommonUtilsTest"/>
  <testcase name="getHostFromUrlTest2" time="0.0" classname="com.agoda.downloader.support.CommonUtilsTest"/>
  <testcase name="downloadFileUsingStreamTest" time="0.004" classname="com.agoda.downloader.support.FileUtilsTest"/>
</testsuite> <!-- Command line test -->
