<?xml version="1.0" encoding="UTF-8"?>
<testng-results skipped="0" failed="0" total="1" passed="1">
  <reporter-output>
  </reporter-output>
  <suite name="Default suite" duration-ms="342" started-at="2019-04-16T14:01:21Z" finished-at="2019-04-16T14:01:21Z">
    <groups>
    </groups>
    <test name="Default test" duration-ms="342" started-at="2019-04-16T14:01:21Z" finished-at="2019-04-16T14:01:21Z">
      <class name="com.agoda.downloader.database.support.DBConnectionFactoryTest">
        <test-method status="PASS" signature="getDbConnectionTest()[pri:0, instance:com.agoda.downloader.database.support.DBConnectionFactoryTest@ffaaaf0]" name="getDbConnectionTest" duration-ms="323" started-at="2019-04-16T19:31:21Z" finished-at="2019-04-16T19:31:21Z">
          <reporter-output>
          </reporter-output>
        </test-method> <!-- getDbConnectionTest -->
      </class> <!-- com.agoda.downloader.database.support.DBConnectionFactoryTest -->
    </test> <!-- Default test -->
  </suite> <!-- Default suite -->
</testng-results>
