<?xml version="1.0" encoding="UTF-8"?>
<testng-results skipped="0" failed="0" total="10" passed="10">
  <reporter-output>
  </reporter-output>
  <suite name="Command line suite" duration-ms="64" started-at="2019-04-16T12:22:17Z" finished-at="2019-04-16T12:22:17Z">
    <groups>
    </groups>
    <test name="Command line test" duration-ms="64" started-at="2019-04-16T12:22:17Z" finished-at="2019-04-16T12:22:17Z">
      <class name="com.agoda.downloader.support.CommonUtilsTest">
        <test-method status="PASS" signature="getCompleteFilePathFromUrlTest()[pri:0, instance:com.agoda.downloader.support.CommonUtilsTest@17c68925]" name="getCompleteFilePathFromUrlTest" duration-ms="1" started-at="2019-04-16T17:52:17Z" finished-at="2019-04-16T17:52:17Z">
          <reporter-output>
          </reporter-output>
        </test-method> <!-- getCompleteFilePathFromUrlTest -->
        <test-method status="PASS" signature="getFileNameFromUrlTest()[pri:0, instance:com.agoda.downloader.support.CommonUtilsTest@17c68925]" name="getFileNameFromUrlTest" duration-ms="0" started-at="2019-04-16T17:52:17Z" finished-at="2019-04-16T17:52:17Z">
          <reporter-output>
          </reporter-output>
        </test-method> <!-- getFileNameFromUrlTest -->
        <test-method status="PASS" signature="getCompleteFilePathFromUrlTest2()[pri:0, instance:com.agoda.downloader.support.CommonUtilsTest@17c68925]" name="getCompleteFilePathFromUrlTest2" duration-ms="0" started-at="2019-04-16T17:52:17Z" finished-at="2019-04-16T17:52:17Z">
          <reporter-output>
          </reporter-output>
        </test-method> <!-- getCompleteFilePathFromUrlTest2 -->
        <test-method status="PASS" signature="getHostFromUrlTest()[pri:0, instance:com.agoda.downloader.support.CommonUtilsTest@17c68925]" name="getHostFromUrlTest" duration-ms="0" started-at="2019-04-16T17:52:17Z" finished-at="2019-04-16T17:52:17Z">
          <reporter-output>
          </reporter-output>
        </test-method> <!-- getHostFromUrlTest -->
        <test-method status="PASS" signature="getFileNameFromUrlTest2()[pri:0, instance:com.agoda.downloader.support.CommonUtilsTest@17c68925]" name="getFileNameFromUrlTest2" duration-ms="0" started-at="2019-04-16T17:52:17Z" finished-at="2019-04-16T17:52:17Z">
          <reporter-output>
          </reporter-output>
        </test-method> <!-- getFileNameFromUrlTest2 -->
        <test-method status="PASS" signature="getHostFromUrlTest2()[pri:0, instance:com.agoda.downloader.support.CommonUtilsTest@17c68925]" name="getHostFromUrlTest2" duration-ms="0" started-at="2019-04-16T17:52:17Z" finished-at="2019-04-16T17:52:17Z">
          <reporter-output>
          </reporter-output>
        </test-method> <!-- getHostFromUrlTest2 -->
      </class> <!-- com.agoda.downloader.support.CommonUtilsTest -->
      <class name="com.agoda.downloader.support.FileUtilsTest">
        <test-method status="PASS" signature="downloadFileUsingStreamTest()[pri:0, instance:com.agoda.downloader.support.FileUtilsTest@7f690630]" name="downloadFileUsingStreamTest" duration-ms="4" started-at="2019-04-16T17:52:17Z" finished-at="2019-04-16T17:52:17Z">
          <reporter-output>
          </reporter-output>
        </test-method> <!-- downloadFileUsingStreamTest -->
      </class> <!-- com.agoda.downloader.support.FileUtilsTest -->
      <class name="com.agoda.downloader.client.factory.ClientFactoryTest">
        <test-method status="PASS" signature="createFtpClientTest()[pri:0, instance:com.agoda.downloader.client.factory.ClientFactoryTest@edf4efb]" name="createFtpClientTest" duration-ms="41" started-at="2019-04-16T17:52:17Z" finished-at="2019-04-16T17:52:17Z">
          <reporter-output>
          </reporter-output>
        </test-method> <!-- createFtpClientTest -->
        <test-method status="PASS" signature="createHTttpClientTest()[pri:0, instance:com.agoda.downloader.client.factory.ClientFactoryTest@edf4efb]" name="createHTttpClientTest" duration-ms="1" started-at="2019-04-16T17:52:17Z" finished-at="2019-04-16T17:52:17Z">
          <reporter-output>
          </reporter-output>
        </test-method> <!-- createHTttpClientTest -->
        <test-method status="PASS" signature="createSftpClientTest()[pri:0, instance:com.agoda.downloader.client.factory.ClientFactoryTest@edf4efb]" name="createSftpClientTest" duration-ms="2" started-at="2019-04-16T17:52:17Z" finished-at="2019-04-16T17:52:17Z">
          <reporter-output>
          </reporter-output>
        </test-method> <!-- createSftpClientTest -->
      </class> <!-- com.agoda.downloader.client.factory.ClientFactoryTest -->
    </test> <!-- Command line test -->
  </suite> <!-- Command line suite -->
</testng-results>
